0 info it worked if it ends with ok
1 verbose cli [ '/usr/local/bin/node',
1 verbose cli   '/usr/local/bin/npm',
1 verbose cli   'version',
1 verbose cli   'patch' ]
2 info using npm@3.10.6
3 info using node@v6.4.0
4 error version No valid package.json found
5 verbose stack SyntaxError: Unexpected token } in JSON at position 641
5 verbose stack     at Object.parse (native)
5 verbose stack     at /usr/local/lib/node_modules/npm/lib/version.js:114:19
5 verbose stack     at /usr/local/lib/node_modules/npm/node_modules/graceful-fs/graceful-fs.js:78:16
5 verbose stack     at FSReqWrap.readFileAfterClose [as oncomplete] (fs.js:445:3)
6 verbose cwd /home/juangruelas/Desktop/NodeCardCapture
7 error Linux 4.2.0-42-generic
8 error argv "/usr/local/bin/node" "/usr/local/bin/npm" "version" "patch"
9 error node v6.4.0
10 error npm  v3.10.6
11 error Unexpected token } in JSON at position 641
12 error If you need help, you may report this error at:
12 error     <https://github.com/npm/npm/issues>
13 verbose exit [ 1, true ]
